Determining if the pthread_create exist failed with the following output:
Change Dir: /home/pscualy/catkin_ws/src/rover_gazebo/plugins/ControlsPlugin/build/CMakeFiles/CMakeTmp

Run Build Command:"/usr/bin/make" "cmTC_378ab/fast"
/usr/bin/make -f CMakeFiles/cmTC_378ab.dir/build.make CMakeFiles/cmTC_378ab.dir/build
make[1]: Entering directory '/home/pscualy/catkin_ws/src/rover_gazebo/plugins/ControlsPlugin/build/CMakeFiles/CMakeTmp'
Building C object CMakeFiles/cmTC_378ab.dir/CheckSymbolExists.c.o
/usr/bin/cc     -o CMakeFiles/cmTC_378ab.dir/CheckSymbolExists.c.o   -c /home/pscualy/catkin_ws/src/rover_gazebo/plugins/ControlsPlugin/build/CMakeFiles/CMakeTmp/CheckSymbolExists.c
Linking C executable cmTC_378ab
/usr/bin/cmake -E cmake_link_script CMakeFiles/cmTC_378ab.dir/link.txt --verbose=1
/usr/bin/cc       CMakeFiles/cmTC_378ab.dir/CheckSymbolExists.c.o  -o cmTC_378ab -rdynamic 
CMakeFiles/cmTC_378ab.dir/CheckSymbolExists.c.o: In function `main':
CheckSymbolExists.c:(.text+0x16): undefined reference to `pthread_create'
collect2: error: ld returned 1 exit status
CMakeFiles/cmTC_378ab.dir/build.make:97: recipe for target 'cmTC_378ab' failed
make[1]: *** [cmTC_378ab] Error 1
make[1]: Leaving directory '/home/pscualy/catkin_ws/src/rover_gazebo/plugins/ControlsPlugin/build/CMakeFiles/CMakeTmp'
Makefile:126: recipe for target 'cmTC_378ab/fast' failed
make: *** [cmTC_378ab/fast] Error 2

File /home/pscualy/catkin_ws/src/rover_gazebo/plugins/ControlsPlugin/build/CMakeFiles/CMakeTmp/CheckSymbolExists.c:
/* */
#include <pthread.h>

int main(int argc, char** argv)
{
  (void)argv;
#ifndef pthread_create
  return ((int*)(&pthread_create))[argc];
#else
  (void)argc;
  return 0;
#endif
}

Determining if the function pthread_create exists in the pthreads failed with the following output:
Change Dir: /home/pscualy/catkin_ws/src/rover_gazebo/plugins/ControlsPlugin/build/CMakeFiles/CMakeTmp

Run Build Command:"/usr/bin/make" "cmTC_1fbba/fast"
/usr/bin/make -f CMakeFiles/cmTC_1fbba.dir/build.make CMakeFiles/cmTC_1fbba.dir/build
make[1]: Entering directory '/home/pscualy/catkin_ws/src/rover_gazebo/plugins/ControlsPlugin/build/CMakeFiles/CMakeTmp'
Building C object CMakeFiles/cmTC_1fbba.dir/CheckFunctionExists.c.o
/usr/bin/cc    -DCHECK_FUNCTION_EXISTS=pthread_create   -o CMakeFiles/cmTC_1fbba.dir/CheckFunctionExists.c.o   -c /usr/share/cmake-3.5/Modules/CheckFunctionExists.c
Linking C executable cmTC_1fbba
/usr/bin/cmake -E cmake_link_script CMakeFiles/cmTC_1fbba.dir/link.txt --verbose=1
/usr/bin/cc   -DCHECK_FUNCTION_EXISTS=pthread_create    CMakeFiles/cmTC_1fbba.dir/CheckFunctionExists.c.o  -o cmTC_1fbba -rdynamic -lpthreads 
/usr/bin/ld: cannot find -lpthreads
collect2: error: ld returned 1 exit status
CMakeFiles/cmTC_1fbba.dir/build.make:97: recipe for target 'cmTC_1fbba' failed
make[1]: *** [cmTC_1fbba] Error 1
make[1]: Leaving directory '/home/pscualy/catkin_ws/src/rover_gazebo/plugins/ControlsPlugin/build/CMakeFiles/CMakeTmp'
Makefile:126: recipe for target 'cmTC_1fbba/fast' failed
make: *** [cmTC_1fbba/fast] Error 2


